2024-01-22 17:57:44 INFO  GetUserRequestTest:20 Start :: GET All users test.
2024-01-22 17:57:44 INFO  GetUserRequestTest:23 GET : URL https://reqres.in/api/users?page=2
2024-01-22 17:57:47 INFO  GetUserRequestTest:38 Reponse :: {"page":2,"per_page":6,"total":12,"total_pages":2,"data":[{"id":7,"email":"michael.lawson@reqres.in","first_name":"Michael","last_name":"Lawson","avatar":"https://reqres.in/img/faces/7-image.jpg"},{"id":8,"email":"lindsay.ferguson@reqres.in","first_name":"Lindsay","last_name":"Ferguson","avatar":"https://reqres.in/img/faces/8-image.jpg"},{"id":9,"email":"tobias.funke@reqres.in","first_name":"Tobias","last_name":"Funke","avatar":"https://reqres.in/img/faces/9-image.jpg"},{"id":10,"email":"byron.fields@reqres.in","first_name":"Byron","last_name":"Fields","avatar":"https://reqres.in/img/faces/10-image.jpg"},{"id":11,"email":"george.edwards@reqres.in","first_name":"George","last_name":"Edwards","avatar":"https://reqres.in/img/faces/11-image.jpg"},{"id":12,"email":"rachel.howell@reqres.in","first_name":"Rachel","last_name":"Howell","avatar":"https://reqres.in/img/faces/12-image.jpg"}],"support":{"url":"https://reqres.in/#support-heading","text":"To keep ReqRes free, contributions towards server costs are appreciated!"}}
2024-01-22 17:57:47 INFO  GetUserRequestTest:39 End :: GET All users test.
2024-01-22 17:57:47 INFO  GetUserRequestTest:44 Start :: GET All users test with query parms.
2024-01-22 17:57:47 INFO  GetUserRequestTest:52 GET : URL https://reqres.in/api/users?page=2
2024-01-22 17:57:48 INFO  GetUserRequestTest:66 Reponse :: {"page":2,"per_page":6,"total":12,"total_pages":2,"data":[{"id":7,"email":"michael.lawson@reqres.in","first_name":"Michael","last_name":"Lawson","avatar":"https://reqres.in/img/faces/7-image.jpg"},{"id":8,"email":"lindsay.ferguson@reqres.in","first_name":"Lindsay","last_name":"Ferguson","avatar":"https://reqres.in/img/faces/8-image.jpg"},{"id":9,"email":"tobias.funke@reqres.in","first_name":"Tobias","last_name":"Funke","avatar":"https://reqres.in/img/faces/9-image.jpg"},{"id":10,"email":"byron.fields@reqres.in","first_name":"Byron","last_name":"Fields","avatar":"https://reqres.in/img/faces/10-image.jpg"},{"id":11,"email":"george.edwards@reqres.in","first_name":"George","last_name":"Edwards","avatar":"https://reqres.in/img/faces/11-image.jpg"},{"id":12,"email":"rachel.howell@reqres.in","first_name":"Rachel","last_name":"Howell","avatar":"https://reqres.in/img/faces/12-image.jpg"}],"support":{"url":"https://reqres.in/#support-heading","text":"To keep ReqRes free, contributions towards server costs are appreciated!"}}
2024-01-22 17:57:48 INFO  GetUserRequestTest:67 End :: GET All users test with query parms.
2024-01-22 17:57:48 INFO  GetUserRequestTest:72 Start :: GET user by {userId} test.
2024-01-22 17:57:48 INFO  GetUserRequestTest:77 GET : URL https://reqres.in/api/users/7
2024-01-22 17:57:48 INFO  GetUserRequestTest:87 Reponse :: {"data":{"id":7,"email":"michael.lawson@reqres.in","first_name":"Michael","last_name":"Lawson","avatar":"https://reqres.in/img/faces/7-image.jpg"},"support":{"url":"https://reqres.in/#support-heading","text":"To keep ReqRes free, contributions towards server costs are appreciated!"}}
2024-01-22 17:57:48 INFO  GetUserRequestTest:88 End :: GET user by {userId} test.
2024-01-22 17:58:14 INFO  RegisterRequestTest:20 Start :: Test on register request with Rest assured
2024-01-22 17:58:16 INFO  RegisterRequestTest:34 Response Object ::{"id":4,"token":"QpwL5tke4Pnpja7X4"}
2024-01-22 17:58:16 INFO  RegisterRequestTest:35 End :: Test on register request with Rest assured
2024-01-22 17:58:31 INFO  LoginRequestTest:18 Start :: Test on Login request with Rest assured
2024-01-22 17:58:34 INFO  LoginRequestTest:31 Response Object ::{"token":"QpwL5tke4Pnpja7X4"}
2024-01-22 17:58:34 INFO  LoginRequestTest:32 End :: Test on Login request with Rest assured
2024-01-22 18:00:06 INFO  GetUserRequestTest:20 Start :: GET All users test.
2024-01-22 18:00:06 INFO  GetUserRequestTest:23 GET : URL https://reqres.in/api/users?page=2
2024-01-22 18:00:08 INFO  GetUserRequestTest:38 Reponse :: {"page":2,"per_page":6,"total":12,"total_pages":2,"data":[{"id":7,"email":"michael.lawson@reqres.in","first_name":"Michael","last_name":"Lawson","avatar":"https://reqres.in/img/faces/7-image.jpg"},{"id":8,"email":"lindsay.ferguson@reqres.in","first_name":"Lindsay","last_name":"Ferguson","avatar":"https://reqres.in/img/faces/8-image.jpg"},{"id":9,"email":"tobias.funke@reqres.in","first_name":"Tobias","last_name":"Funke","avatar":"https://reqres.in/img/faces/9-image.jpg"},{"id":10,"email":"byron.fields@reqres.in","first_name":"Byron","last_name":"Fields","avatar":"https://reqres.in/img/faces/10-image.jpg"},{"id":11,"email":"george.edwards@reqres.in","first_name":"George","last_name":"Edwards","avatar":"https://reqres.in/img/faces/11-image.jpg"},{"id":12,"email":"rachel.howell@reqres.in","first_name":"Rachel","last_name":"Howell","avatar":"https://reqres.in/img/faces/12-image.jpg"}],"support":{"url":"https://reqres.in/#support-heading","text":"To keep ReqRes free, contributions towards server costs are appreciated!"}}
2024-01-22 18:00:08 INFO  GetUserRequestTest:39 End :: GET All users test.
2024-01-22 18:00:08 INFO  GetUserRequestTest:44 Start :: GET All users test with query parms.
2024-01-22 18:00:09 INFO  GetUserRequestTest:52 GET : URL https://reqres.in/api/users?page=2
2024-01-22 18:00:09 INFO  GetUserRequestTest:66 Reponse :: {"page":2,"per_page":6,"total":12,"total_pages":2,"data":[{"id":7,"email":"michael.lawson@reqres.in","first_name":"Michael","last_name":"Lawson","avatar":"https://reqres.in/img/faces/7-image.jpg"},{"id":8,"email":"lindsay.ferguson@reqres.in","first_name":"Lindsay","last_name":"Ferguson","avatar":"https://reqres.in/img/faces/8-image.jpg"},{"id":9,"email":"tobias.funke@reqres.in","first_name":"Tobias","last_name":"Funke","avatar":"https://reqres.in/img/faces/9-image.jpg"},{"id":10,"email":"byron.fields@reqres.in","first_name":"Byron","last_name":"Fields","avatar":"https://reqres.in/img/faces/10-image.jpg"},{"id":11,"email":"george.edwards@reqres.in","first_name":"George","last_name":"Edwards","avatar":"https://reqres.in/img/faces/11-image.jpg"},{"id":12,"email":"rachel.howell@reqres.in","first_name":"Rachel","last_name":"Howell","avatar":"https://reqres.in/img/faces/12-image.jpg"}],"support":{"url":"https://reqres.in/#support-heading","text":"To keep ReqRes free, contributions towards server costs are appreciated!"}}
2024-01-22 18:00:09 INFO  GetUserRequestTest:67 End :: GET All users test with query parms.
2024-01-22 18:00:09 INFO  GetUserRequestTest:72 Start :: GET user by {userId} test.
2024-01-22 18:00:10 INFO  GetUserRequestTest:77 GET : URL https://reqres.in/api/users/7
2024-01-22 18:00:10 INFO  GetUserRequestTest:87 Reponse :: {"data":{"id":7,"email":"michael.lawson@reqres.in","first_name":"Michael","last_name":"Lawson","avatar":"https://reqres.in/img/faces/7-image.jpg"},"support":{"url":"https://reqres.in/#support-heading","text":"To keep ReqRes free, contributions towards server costs are appreciated!"}}
2024-01-22 18:00:10 INFO  GetUserRequestTest:88 End :: GET user by {userId} test.
2024-01-22 18:00:10 INFO  RegisterRequestTest:20 Start :: Test on register request with Rest assured
2024-01-22 18:00:10 INFO  RegisterRequestTest:34 Response Object ::{"id":4,"token":"QpwL5tke4Pnpja7X4"}
2024-01-22 18:00:10 INFO  RegisterRequestTest:35 End :: Test on register request with Rest assured
2024-01-22 18:00:10 INFO  LoginRequestTest:18 Start :: Test on Login request with Rest assured
2024-01-22 18:00:12 INFO  LoginRequestTest:31 Response Object ::{"token":"QpwL5tke4Pnpja7X4"}
2024-01-22 18:00:12 INFO  LoginRequestTest:32 End :: Test on Login request with Rest assured
2024-01-22 18:25:01 INFO  RegisterRequestTest:20 Start :: Test Registration  with rest assured
2024-01-22 18:25:01 INFO  RegisterRequestTest:21 POST :: URL https://reqres.in/api/register
2024-01-22 18:25:01 INFO  RegisterRequestTest:23 Request Object :: User [email=eve.holt@reqres.in, password=pistol]
2024-01-22 18:25:04 INFO  RegisterRequestTest:39 Response Object:: {"id":4,"token":"QpwL5tke4Pnpja7X4"}
2024-01-22 18:25:04 INFO  RegisterRequestTest:40 End :: Test Registration  with rest assured
